<?xml version="1.0" encoding="UTF-8"?>
<!-- Generated by org.testng.reporters.JUnitReportReporter -->
<testsuite hostname="DESKTOP-N60QB27" failures="0" tests="1" name="BasicsOfRestAssured.GetRequest2" time="2.595" errors="0" timestamp="2022-09-04T19:51:29 IST" skipped="0">
  <testcase classname="BasicsOfRestAssured.GetRequest2" name="restAssuredGet" time="2.595"/>
  <system-out/>
</testsuite> <!-- BasicsOfRestAssured.GetRequest2 -->
