<?xml version="1.0" encoding="UTF-8"?>
<!-- Generated by org.testng.reporters.JUnitReportReporter -->
<testsuite hostname="DESKTOP-N60QB27" failures="0" tests="1" name="BasicsOfRestAssured.GetRequest6" time="2.171" errors="0" timestamp="2022-09-04T22:12:40 IST" skipped="0">
  <testcase classname="BasicsOfRestAssured.GetRequest6" name="restAssuredGet" time="2.171"/>
  <system-out/>
</testsuite> <!-- BasicsOfRestAssured.GetRequest6 -->
