<?xml version="1.0" encoding="UTF-8"?>
<!-- Generated by org.testng.reporters.JUnitReportReporter -->
<testsuite hostname="DESKTOP-N60QB27" failures="0" tests="1" name="BasicsOfRestAssured.PayloadAsMap2" time="3.553" errors="0" timestamp="2022-09-05T10:02:50 IST" skipped="0">
  <testcase classname="BasicsOfRestAssured.PayloadAsMap2" name="createBooking" time="3.553"/>
  <system-out/>
</testsuite> <!-- BasicsOfRestAssured.PayloadAsMap2 -->
