<?xml version="1.0" encoding="UTF-8"?>
<!-- Generated by org.testng.reporters.JUnitReportReporter -->
<testsuite hostname="DESKTOP-N60QB27" failures="0" tests="1" name="BasicsOfRestAssured.PayloadAsMap" time="3.235" errors="0" timestamp="2022-09-05T09:49:30 IST" skipped="0">
  <testcase classname="BasicsOfRestAssured.PayloadAsMap" name="createBooking" time="3.235"/>
  <system-out/>
</testsuite> <!-- BasicsOfRestAssured.PayloadAsMap -->
