<?xml version="1.0" encoding="UTF-8"?>
<!-- Generated by org.testng.reporters.JUnitReportReporter -->
<testsuite hostname="DESKTOP-N60QB27" failures="0" tests="1" name="BasicsOfRestAssured.TestCases" time="0.008" errors="0" timestamp="2022-09-04T18:45:23 IST" skipped="0">
  <testcase classname="BasicsOfRestAssured.TestCases" name="m2" time="0.008"/>
  <system-out/>
</testsuite> <!-- BasicsOfRestAssured.TestCases -->
