<?xml version="1.0" encoding="UTF-8"?>
<!-- Generated by org.testng.reporters.JUnitReportReporter -->
<testsuite hostname="DESKTOP-N60QB27" failures="0" tests="1" name="BasicsOfRestAssured.GetRequest5" time="2.860" errors="0" timestamp="2022-09-04T19:59:44 IST" skipped="0">
  <testcase classname="BasicsOfRestAssured.GetRequest5" name="restAssuredGet" time="2.860"/>
  <system-out/>
</testsuite> <!-- BasicsOfRestAssured.GetRequest5 -->
