<?xml version="1.0" encoding="UTF-8"?>
<!-- Generated by org.testng.reporters.JUnitReportReporter -->
<testsuite hostname="DESKTOP-N60QB27" failures="0" tests="1" name="BasicsOfRestAssured.PostRequest" time="2.668" errors="0" timestamp="2022-09-04T23:31:39 IST" skipped="0">
  <testcase classname="BasicsOfRestAssured.PostRequest" name="createBooking" time="2.668"/>
  <system-out/>
</testsuite> <!-- BasicsOfRestAssured.PostRequest -->
