<?xml version="1.0" encoding="UTF-8"?>
<!-- Generated by org.testng.reporters.JUnitReportReporter -->
<testsuite hostname="DESKTOP-N60QB27" failures="0" tests="1" name="JsonSchemaValidation.TypeRefExamples" time="3.715" errors="0" timestamp="2022-09-05T11:05:29 IST" skipped="0">
  <testcase classname="JsonSchemaValidation.TypeRefExamples" name="createBooking" time="3.715"/>
  <system-out/>
</testsuite> <!-- JsonSchemaValidation.TypeRefExamples -->
