<?xml version="1.0" encoding="UTF-8"?>
<!-- Generated by org.testng.reporters.JUnitReportReporter -->
<testsuite hostname="DESKTOP-N60QB27" failures="0" tests="1" name="BasicsOfRestAssured.GetRequest7" time="4.210" errors="0" timestamp="2022-09-04T23:08:27 IST" skipped="0">
  <testcase classname="BasicsOfRestAssured.GetRequest7" name="restAssuredGet" time="4.210"/>
  <system-out/>
</testsuite> <!-- BasicsOfRestAssured.GetRequest7 -->
